2022-12-29 23:17:53,203 - train args
2022-12-29 23:17:53,203 - key: igmc_64
2022-12-29 23:17:53,203 - datapath: ./data
2022-12-29 23:17:53,203 - dataset: ml-100k
2022-12-29 23:17:53,203 - max_seq: 64
2022-12-29 23:17:53,203 - model_type: IGMC
2022-12-29 23:17:53,203 - hop: 1
2022-12-29 23:17:53,203 - in_nfeats: 32
2022-12-29 23:17:53,203 - out_nfeats: 32
2022-12-29 23:17:53,203 - in_efeats: 32
2022-12-29 23:17:53,203 - out_efeats: 32
2022-12-29 23:17:53,203 - num_heads: 4
2022-12-29 23:17:53,203 - node_features: None
2022-12-29 23:17:53,203 - parameters: None
2022-12-29 23:17:53,203 - num_relations: 6
2022-12-29 23:17:53,203 - edge_dropout: 0.0
2022-12-29 23:17:53,203 - num_bases: 4
2022-12-29 23:17:53,203 - ARR: 0.001
2022-12-29 23:17:53,203 - latent_dims: [32, 32, 32, 32]
2022-12-29 23:17:53,203 - device: 0
2022-12-29 23:17:53,203 - log_dir: log
2022-12-29 23:17:53,203 - log_interval: 100
2022-12-29 23:17:53,203 - train_lrs: [0.0001, 0.002, 0.0005]
2022-12-29 23:17:53,203 - train_epochs: 20
2022-12-29 23:17:53,203 - batch_size: 128
2022-12-29 23:17:53,203 - weight_decay: 0.0
2022-12-29 23:17:53,203 - lr_decay_step: 5
2022-12-29 23:17:53,203 - lr_decay_factor: 0.98
2022-12-29 23:31:02,765 - train args
2022-12-29 23:31:02,765 - key: igmc_64
2022-12-29 23:31:02,765 - datapath: ./data
2022-12-29 23:31:02,765 - dataset: ml-100k
2022-12-29 23:31:02,765 - max_seq: 64
2022-12-29 23:31:02,765 - model_type: IGMC
2022-12-29 23:31:02,765 - hop: 1
2022-12-29 23:31:02,765 - in_nfeats: 32
2022-12-29 23:31:02,765 - out_nfeats: 32
2022-12-29 23:31:02,766 - in_efeats: 32
2022-12-29 23:31:02,766 - out_efeats: 32
2022-12-29 23:31:02,766 - num_heads: 4
2022-12-29 23:31:02,766 - node_features: None
2022-12-29 23:31:02,766 - parameters: None
2022-12-29 23:31:02,766 - num_relations: 6
2022-12-29 23:31:02,766 - edge_dropout: 0.0
2022-12-29 23:31:02,766 - num_bases: 4
2022-12-29 23:31:02,766 - ARR: 0.001
2022-12-29 23:31:02,766 - latent_dims: [32, 32, 32, 32]
2022-12-29 23:31:02,766 - device: 0
2022-12-29 23:31:02,766 - log_dir: log
2022-12-29 23:31:02,766 - log_interval: 100
2022-12-29 23:31:02,766 - train_lrs: [0.0001, 0.002, 0.0005]
2022-12-29 23:31:02,766 - train_epochs: 20
2022-12-29 23:31:02,766 - batch_size: 128
2022-12-29 23:31:02,766 - weight_decay: 0.0
2022-12-29 23:31:02,766 - lr_decay_step: 5
2022-12-29 23:31:02,766 - lr_decay_factor: 0.98
2022-12-29 23:31:20,034 - train args
2022-12-29 23:31:20,034 - key: igmc_64
2022-12-29 23:31:20,034 - datapath: ./data
2022-12-29 23:31:20,034 - dataset: ml-100k
2022-12-29 23:31:20,034 - max_seq: 64
2022-12-29 23:31:20,034 - model_type: IGMC
2022-12-29 23:31:20,034 - hop: 1
2022-12-29 23:31:20,034 - in_nfeats: 32
2022-12-29 23:31:20,034 - out_nfeats: 32
2022-12-29 23:31:20,034 - in_efeats: 32
2022-12-29 23:31:20,034 - out_efeats: 32
2022-12-29 23:31:20,034 - num_heads: 4
2022-12-29 23:31:20,034 - node_features: None
2022-12-29 23:31:20,034 - parameters: None
2022-12-29 23:31:20,034 - num_relations: 6
2022-12-29 23:31:20,034 - edge_dropout: 0.0
2022-12-29 23:31:20,034 - num_bases: 4
2022-12-29 23:31:20,035 - ARR: 0.001
2022-12-29 23:31:20,035 - latent_dims: [32, 32, 32, 32]
2022-12-29 23:31:20,035 - device: 0
2022-12-29 23:31:20,035 - log_dir: log
2022-12-29 23:31:20,035 - log_interval: 100
2022-12-29 23:31:20,035 - train_lrs: [0.0001, 0.002, 0.0005]
2022-12-29 23:31:20,035 - train_epochs: 20
2022-12-29 23:31:20,035 - batch_size: 128
2022-12-29 23:31:20,035 - weight_decay: 0.0
2022-12-29 23:31:20,035 - lr_decay_step: 5
2022-12-29 23:31:20,035 - lr_decay_factor: 0.98
2022-12-29 23:32:12,000 - Epoch 1 || train loss : 1.560799  |  test_rmse 1.136171  | 
2022-12-29 23:33:03,646 - Epoch 2 || train loss : 1.251418  |  test_rmse 1.115013  | 
2022-12-29 23:33:56,243 - Epoch 3 || train loss : 1.198159  |  test_rmse 1.153855  | 
2022-12-29 23:34:46,174 - Epoch 4 || train loss : 1.171776  |  test_rmse 1.087661  | 
2022-12-29 23:35:34,577 - Epoch 5 || train loss : 1.147290  |  test_rmse 1.052714  | 
2022-12-29 23:36:26,383 - Epoch 6 || train loss : 1.122579  |  test_rmse 1.053167  | 
2022-12-29 23:37:13,630 - Epoch 7 || train loss : 1.114402  |  test_rmse 1.040015  | 
2022-12-29 23:38:02,083 - Epoch 8 || train loss : 1.090890  |  test_rmse 1.052314  | 
2022-12-29 23:38:51,315 - Epoch 9 || train loss : 1.080237  |  test_rmse 1.025984  | 
2022-12-29 23:39:45,711 - Epoch 10 || train loss : 1.069561  |  test_rmse 1.038043  | 
2022-12-29 23:40:35,691 - Epoch 11 || train loss : 1.062910  |  test_rmse 1.040436  | 
2022-12-29 23:41:29,205 - Epoch 12 || train loss : 1.052454  |  test_rmse 1.021890  | 
2022-12-29 23:42:21,550 - Epoch 13 || train loss : 1.047914  |  test_rmse 1.011378  | 
2022-12-29 23:43:11,655 - Epoch 14 || train loss : 1.042747  |  test_rmse 1.000339  | 
2022-12-29 23:44:05,628 - Epoch 15 || train loss : 1.041413  |  test_rmse 1.013147  | 
2022-12-29 23:44:57,572 - Epoch 16 || train loss : 1.034035  |  test_rmse 1.015885  | 
2022-12-29 23:45:48,628 - Epoch 17 || train loss : 1.029493  |  test_rmse 1.010375  | 
2022-12-29 23:46:39,625 - Epoch 18 || train loss : 1.033129  |  test_rmse 1.001993  | 
2022-12-29 23:47:33,931 - Epoch 19 || train loss : 1.029976  |  test_rmse 1.000148  | 
2022-12-29 23:48:26,954 - Epoch 20 || train loss : 1.025350  |  test_rmse 1.031387  | 
2022-12-30 00:06:44,923 - train args
2022-12-30 00:06:44,923 - key: igmc_64
2022-12-30 00:06:44,923 - datapath: ./data
2022-12-30 00:06:44,923 - dataset: ml-100k
2022-12-30 00:06:44,923 - max_seq: 64
2022-12-30 00:06:44,923 - model_type: IGMC
2022-12-30 00:06:44,923 - hop: 1
2022-12-30 00:06:44,923 - in_nfeats: 32
2022-12-30 00:06:44,923 - out_nfeats: 32
2022-12-30 00:06:44,923 - in_efeats: 32
2022-12-30 00:06:44,923 - out_efeats: 32
2022-12-30 00:06:44,924 - num_heads: 4
2022-12-30 00:06:44,924 - node_features: None
2022-12-30 00:06:44,924 - parameters: None
2022-12-30 00:06:44,924 - num_relations: 6
2022-12-30 00:06:44,924 - edge_dropout: 0.0
2022-12-30 00:06:44,924 - num_bases: 4
2022-12-30 00:06:44,924 - ARR: 0.001
2022-12-30 00:06:44,924 - latent_dims: [32, 32, 32, 32]
2022-12-30 00:06:44,924 - device: 0
2022-12-30 00:06:44,924 - log_dir: log
2022-12-30 00:06:44,924 - log_interval: 100
2022-12-30 00:06:44,924 - train_lrs: [0.0001, 0.002, 0.0005]
2022-12-30 00:06:44,924 - train_epochs: 20
2022-12-30 00:06:44,924 - batch_size: 128
2022-12-30 00:06:44,924 - weight_decay: 0.0
2022-12-30 00:06:44,924 - lr_decay_step: 5
2022-12-30 00:06:44,924 - lr_decay_factor: 0.98
2022-12-30 00:07:35,533 - Epoch 1 || train loss : 1.487799  |  test_rmse 1.130537  | 
2022-12-30 00:08:01,959 - train args
2022-12-30 00:08:01,959 - key: igmc_64
2022-12-30 00:08:01,959 - datapath: ./data
2022-12-30 00:08:01,959 - dataset: ml-100k
2022-12-30 00:08:01,959 - max_seq: 64
2022-12-30 00:08:01,959 - model_type: IGMC
2022-12-30 00:08:01,959 - hop: 1
2022-12-30 00:08:01,959 - in_nfeats: 32
2022-12-30 00:08:01,959 - out_nfeats: 32
2022-12-30 00:08:01,959 - in_efeats: 32
2022-12-30 00:08:01,959 - out_efeats: 32
2022-12-30 00:08:01,959 - num_heads: 4
2022-12-30 00:08:01,960 - node_features: None
2022-12-30 00:08:01,960 - parameters: None
2022-12-30 00:08:01,960 - num_relations: 6
2022-12-30 00:08:01,960 - edge_dropout: 0.0
2022-12-30 00:08:01,960 - num_bases: 4
2022-12-30 00:08:01,960 - ARR: 0.001
2022-12-30 00:08:01,960 - latent_dims: [32, 32, 32, 32]
2022-12-30 00:08:01,960 - device: 0
2022-12-30 00:08:01,960 - log_dir: log
2022-12-30 00:08:01,960 - log_interval: 100
2022-12-30 00:08:01,960 - train_lrs: [0.0001, 0.002, 0.0005]
2022-12-30 00:08:01,960 - train_epochs: 20
2022-12-30 00:08:01,960 - batch_size: 128
2022-12-30 00:08:01,960 - weight_decay: 0.0
2022-12-30 00:08:01,960 - lr_decay_step: 5
2022-12-30 00:08:01,960 - lr_decay_factor: 0.98
2022-12-30 00:08:55,043 - Epoch 1 || train loss : 1.535075  |  test_rmse 1.163176  | 
2022-12-30 00:09:16,969 - train args
2022-12-30 00:09:16,970 - key: igmc_64
2022-12-30 00:09:16,970 - datapath: ./data
2022-12-30 00:09:16,970 - dataset: ml-100k
2022-12-30 00:09:16,970 - max_seq: 64
2022-12-30 00:09:16,970 - model_type: IGMC
2022-12-30 00:09:16,970 - hop: 1
2022-12-30 00:09:16,970 - in_nfeats: 32
2022-12-30 00:09:16,970 - out_nfeats: 32
2022-12-30 00:09:16,970 - in_efeats: 32
2022-12-30 00:09:16,970 - out_efeats: 32
2022-12-30 00:09:16,970 - num_heads: 4
2022-12-30 00:09:16,970 - node_features: None
2022-12-30 00:09:16,970 - parameters: None
2022-12-30 00:09:16,970 - num_relations: 6
2022-12-30 00:09:16,970 - edge_dropout: 0.0
2022-12-30 00:09:16,970 - num_bases: 4
2022-12-30 00:09:16,970 - ARR: 0.001
2022-12-30 00:09:16,970 - latent_dims: [32, 32, 32, 32]
2022-12-30 00:09:16,970 - device: 0
2022-12-30 00:09:16,970 - log_dir: log
2022-12-30 00:09:16,970 - log_interval: 100
2022-12-30 00:09:16,970 - train_lrs: [0.0001]
2022-12-30 00:09:16,970 - train_epochs: 80
2022-12-30 00:09:16,971 - batch_size: 256
2022-12-30 00:09:16,971 - weight_decay: 0.0
2022-12-30 00:09:16,971 - lr_decay_step: 5
2022-12-30 00:09:16,971 - lr_decay_factor: 0.98
2022-12-30 00:10:12,476 - Epoch 1 || train loss : 1.517548  |  test_rmse 1.147158  | 
2022-12-30 00:11:03,891 - Epoch 2 || train loss : 1.280322  |  test_rmse 1.170909  | 
2022-12-30 00:11:58,079 - Epoch 3 || train loss : 1.226361  |  test_rmse 1.162343  | 
2022-12-30 00:12:47,698 - Epoch 4 || train loss : 1.201399  |  test_rmse 1.111714  | 
2022-12-30 00:13:36,805 - Epoch 5 || train loss : 1.177940  |  test_rmse 1.107030  | 
2022-12-30 00:14:28,339 - Epoch 6 || train loss : 1.156749  |  test_rmse 1.086963  | 
2022-12-30 00:15:21,305 - Epoch 7 || train loss : 1.148830  |  test_rmse 1.089832  | 
2022-12-30 00:16:09,477 - Epoch 8 || train loss : 1.136516  |  test_rmse 1.112064  | 
2022-12-30 00:17:00,453 - Epoch 9 || train loss : 1.121035  |  test_rmse 1.097358  | 
2022-12-30 00:17:54,096 - Epoch 10 || train loss : 1.117262  |  test_rmse 1.145220  | 
2022-12-30 00:18:47,215 - Epoch 11 || train loss : 1.103948  |  test_rmse 1.079582  | 
2022-12-30 00:19:40,111 - Epoch 12 || train loss : 1.098627  |  test_rmse 1.101308  | 
2022-12-30 00:20:31,480 - Epoch 13 || train loss : 1.092229  |  test_rmse 1.057061  | 
2022-12-30 00:21:23,686 - Epoch 14 || train loss : 1.083844  |  test_rmse 1.064008  | 
2022-12-30 00:22:15,905 - Epoch 15 || train loss : 1.077649  |  test_rmse 1.057828  | 
2022-12-30 00:23:06,089 - Epoch 16 || train loss : 1.073855  |  test_rmse 1.046707  | 
2022-12-30 00:23:55,758 - Epoch 17 || train loss : 1.066400  |  test_rmse 1.029888  | 
2022-12-30 00:24:45,556 - Epoch 18 || train loss : 1.063499  |  test_rmse 1.028606  | 
2022-12-30 00:25:35,731 - Epoch 19 || train loss : 1.059534  |  test_rmse 1.057297  | 
2022-12-30 00:26:27,623 - Epoch 20 || train loss : 1.050891  |  test_rmse 1.036334  | 
2022-12-30 00:27:17,796 - Epoch 21 || train loss : 1.052490  |  test_rmse 1.021028  | 
2022-12-30 00:28:08,516 - Epoch 22 || train loss : 1.044477  |  test_rmse 1.050242  | 
2022-12-30 00:29:02,935 - Epoch 23 || train loss : 1.046081  |  test_rmse 1.037548  | 
2022-12-30 00:29:56,619 - Epoch 24 || train loss : 1.039917  |  test_rmse 1.042164  | 
2022-12-30 00:30:50,294 - Epoch 25 || train loss : 1.038660  |  test_rmse 1.086613  | 
2022-12-30 00:31:40,590 - Epoch 26 || train loss : 1.034371  |  test_rmse 1.016207  | 
2022-12-30 00:32:32,590 - Epoch 27 || train loss : 1.032170  |  test_rmse 1.017959  | 
2022-12-30 00:33:22,177 - Epoch 28 || train loss : 1.029006  |  test_rmse 1.028829  | 
2022-12-30 00:34:14,407 - Epoch 29 || train loss : 1.026779  |  test_rmse 0.995028  | 
2022-12-30 00:35:05,553 - Epoch 30 || train loss : 1.023840  |  test_rmse 1.026566  | 
2022-12-30 00:35:59,513 - Epoch 31 || train loss : 1.022458  |  test_rmse 1.045133  | 
2022-12-30 00:36:50,263 - Epoch 32 || train loss : 1.017882  |  test_rmse 1.004489  | 
2022-12-30 00:37:37,922 - Epoch 33 || train loss : 1.014351  |  test_rmse 0.994851  | 
2022-12-30 00:38:28,871 - Epoch 34 || train loss : 1.013829  |  test_rmse 0.994112  | 
2022-12-30 00:39:20,266 - Epoch 35 || train loss : 1.013011  |  test_rmse 1.021115  | 
2022-12-30 00:40:13,392 - Epoch 36 || train loss : 1.009127  |  test_rmse 0.982332  | 
2022-12-30 00:41:08,126 - Epoch 37 || train loss : 1.008393  |  test_rmse 0.992762  | 
2022-12-30 00:41:57,166 - Epoch 38 || train loss : 1.006667  |  test_rmse 1.001515  | 
2022-12-30 00:42:49,179 - Epoch 39 || train loss : 1.006010  |  test_rmse 1.048675  | 
2022-12-30 00:43:39,941 - Epoch 40 || train loss : 1.000587  |  test_rmse 1.002801  | 
2022-12-30 00:44:32,143 - Epoch 41 || train loss : 0.999582  |  test_rmse 0.981466  | 
2022-12-30 00:45:27,406 - Epoch 42 || train loss : 1.001431  |  test_rmse 1.038921  | 
2022-12-30 00:46:17,095 - Epoch 43 || train loss : 1.000584  |  test_rmse 1.023057  | 
2022-12-30 00:47:06,827 - Epoch 44 || train loss : 1.001212  |  test_rmse 1.005292  | 
2022-12-30 00:47:55,642 - Epoch 45 || train loss : 0.996969  |  test_rmse 0.998637  | 
2022-12-30 00:48:47,939 - Epoch 46 || train loss : 0.994864  |  test_rmse 0.987066  | 
2022-12-30 00:49:37,460 - Epoch 47 || train loss : 0.995912  |  test_rmse 0.984486  | 
2022-12-30 00:50:29,347 - Epoch 48 || train loss : 0.994623  |  test_rmse 0.983015  | 
2022-12-30 00:51:19,300 - Epoch 49 || train loss : 0.992164  |  test_rmse 0.982768  | 
2022-12-30 00:52:12,255 - Epoch 50 || train loss : 0.991232  |  test_rmse 1.029224  | 
2022-12-30 00:53:03,954 - Epoch 51 || train loss : 0.988993  |  test_rmse 0.986318  | 
2022-12-30 00:53:56,720 - Epoch 52 || train loss : 0.989137  |  test_rmse 0.970004  | 
2022-12-30 00:54:47,271 - Epoch 53 || train loss : 0.983757  |  test_rmse 0.975893  | 
2022-12-30 00:55:36,513 - Epoch 54 || train loss : 0.984568  |  test_rmse 1.026946  | 
2022-12-30 00:56:28,243 - Epoch 55 || train loss : 0.985670  |  test_rmse 0.972489  | 
2022-12-30 00:57:21,856 - Epoch 56 || train loss : 0.978943  |  test_rmse 0.971455  | 
2022-12-30 00:58:13,966 - Epoch 57 || train loss : 0.977184  |  test_rmse 1.024379  | 
2022-12-30 00:59:04,026 - Epoch 58 || train loss : 0.984482  |  test_rmse 0.982012  | 
2022-12-30 00:59:53,838 - Epoch 59 || train loss : 0.976983  |  test_rmse 0.971411  | 
2022-12-30 01:00:43,579 - Epoch 60 || train loss : 0.982913  |  test_rmse 0.963285  | 
2022-12-30 01:01:32,171 - Epoch 61 || train loss : 0.978767  |  test_rmse 0.987353  | 
2022-12-30 01:02:27,427 - Epoch 62 || train loss : 0.978309  |  test_rmse 0.963274  | 
2022-12-30 01:03:17,562 - Epoch 63 || train loss : 0.977765  |  test_rmse 0.982201  | 
2022-12-30 01:04:10,163 - Epoch 64 || train loss : 0.976910  |  test_rmse 0.985630  | 
2022-12-30 01:05:00,515 - Epoch 65 || train loss : 0.975605  |  test_rmse 0.963887  | 
2022-12-30 01:05:51,327 - Epoch 66 || train loss : 0.974742  |  test_rmse 0.965310  | 
2022-12-30 01:06:40,775 - Epoch 67 || train loss : 0.974311  |  test_rmse 0.972628  | 
2022-12-30 01:07:32,826 - Epoch 68 || train loss : 0.972991  |  test_rmse 1.003434  | 
2022-12-30 01:08:23,755 - Epoch 69 || train loss : 0.969092  |  test_rmse 0.978229  | 
2022-12-30 01:09:15,744 - Epoch 70 || train loss : 0.972768  |  test_rmse 1.022966  | 
2022-12-30 01:10:06,610 - Epoch 71 || train loss : 0.971456  |  test_rmse 0.998516  | 
2022-12-30 01:10:55,987 - Epoch 72 || train loss : 0.970848  |  test_rmse 0.969103  | 
2022-12-30 01:11:44,872 - Epoch 73 || train loss : 0.972793  |  test_rmse 0.976928  | 
2022-12-30 01:12:33,209 - Epoch 74 || train loss : 0.968397  |  test_rmse 0.984429  | 
2022-12-30 01:13:26,197 - Epoch 75 || train loss : 0.965073  |  test_rmse 0.967405  | 
2022-12-30 01:14:18,357 - Epoch 76 || train loss : 0.966931  |  test_rmse 0.967059  | 
2022-12-30 01:15:07,487 - Epoch 77 || train loss : 0.971294  |  test_rmse 0.965199  | 
2022-12-30 01:15:55,771 - Epoch 78 || train loss : 0.971294  |  test_rmse 0.989756  | 
2022-12-30 01:16:44,256 - Epoch 79 || train loss : 0.970387  |  test_rmse 0.965190  | 
2022-12-30 01:17:37,912 - Epoch 80 || train loss : 0.970790  |  test_rmse 0.963612  | 
2022-12-30 01:28:47,740 - train args
2022-12-30 01:28:47,740 - key: igmc_64
2022-12-30 01:28:47,740 - datapath: ./data
2022-12-30 01:28:47,740 - dataset: ml-100k
2022-12-30 01:28:47,740 - max_seq: 64
2022-12-30 01:28:47,740 - model_type: IGMC
2022-12-30 01:28:47,740 - hop: 1
2022-12-30 01:28:47,740 - in_nfeats: 32
2022-12-30 01:28:47,741 - out_nfeats: 32
2022-12-30 01:28:47,741 - in_efeats: 32
2022-12-30 01:28:47,741 - out_efeats: 32
2022-12-30 01:28:47,741 - num_heads: 4
2022-12-30 01:28:47,741 - node_features: None
2022-12-30 01:28:47,741 - parameters: None
2022-12-30 01:28:47,741 - num_relations: 6
2022-12-30 01:28:47,741 - edge_dropout: 0.0
2022-12-30 01:28:47,741 - num_bases: 4
2022-12-30 01:28:47,741 - ARR: 0.001
2022-12-30 01:28:47,741 - latent_dims: [32, 32, 32, 32]
2022-12-30 01:28:47,741 - device: 0
2022-12-30 01:28:47,741 - log_dir: log
2022-12-30 01:28:47,741 - log_interval: 100
2022-12-30 01:28:47,741 - train_lrs: [0.0001]
2022-12-30 01:28:47,741 - train_epochs: 80
2022-12-30 01:28:47,741 - batch_size: 256
2022-12-30 01:28:47,741 - weight_decay: 0.0
2022-12-30 01:28:47,741 - lr_decay_step: 5
2022-12-30 01:28:47,741 - lr_decay_factor: 0.98
2022-12-30 01:29:41,103 - Epoch 1 || train loss : 1.469085  |  test_rmse 1.126852  | 
2022-12-30 01:30:30,778 - Epoch 2 || train loss : 1.241458  |  test_rmse 1.118572  | 
2022-12-30 01:31:19,019 - Epoch 3 || train loss : 1.197220  |  test_rmse 1.097103  | 
2022-12-30 01:32:09,237 - Epoch 4 || train loss : 1.167759  |  test_rmse 1.104461  | 
2022-12-30 01:32:59,105 - Epoch 5 || train loss : 1.153212  |  test_rmse 1.104536  | 
2022-12-30 01:33:49,988 - Epoch 6 || train loss : 1.142723  |  test_rmse 1.105063  | 
2022-12-30 01:34:38,005 - Epoch 7 || train loss : 1.124954  |  test_rmse 1.117304  | 
2022-12-30 01:35:27,698 - Epoch 8 || train loss : 1.113744  |  test_rmse 1.069503  | 
2022-12-30 01:36:19,520 - Epoch 9 || train loss : 1.104579  |  test_rmse 1.111512  | 
2022-12-30 01:37:09,698 - Epoch 10 || train loss : 1.093698  |  test_rmse 1.053370  | 
2022-12-30 01:37:58,379 - Epoch 11 || train loss : 1.086698  |  test_rmse 1.059630  | 
2022-12-30 01:38:48,925 - Epoch 12 || train loss : 1.073209  |  test_rmse 1.036965  | 
2022-12-30 01:39:41,569 - Epoch 13 || train loss : 1.072501  |  test_rmse 1.047570  | 
2022-12-30 01:40:32,311 - Epoch 14 || train loss : 1.064129  |  test_rmse 1.032748  | 
2022-12-30 01:41:22,046 - Epoch 15 || train loss : 1.063925  |  test_rmse 1.043262  | 
2022-12-30 01:42:13,236 - Epoch 16 || train loss : 1.057619  |  test_rmse 1.033963  | 
2022-12-30 01:43:05,822 - Epoch 17 || train loss : 1.052618  |  test_rmse 1.044726  | 
2022-12-30 01:43:58,501 - Epoch 18 || train loss : 1.051943  |  test_rmse 1.020168  | 
2022-12-30 01:44:52,450 - Epoch 19 || train loss : 1.047436  |  test_rmse 1.023951  | 
2022-12-30 01:45:43,516 - Epoch 20 || train loss : 1.039792  |  test_rmse 1.033779  | 
2022-12-30 01:46:35,361 - Epoch 21 || train loss : 1.041250  |  test_rmse 1.011432  | 
2022-12-30 01:47:27,943 - Epoch 22 || train loss : 1.038706  |  test_rmse 1.023006  | 
2022-12-30 01:48:16,679 - Epoch 23 || train loss : 1.039092  |  test_rmse 1.010379  | 
2022-12-30 01:49:11,446 - Epoch 24 || train loss : 1.034288  |  test_rmse 1.019834  | 
2022-12-30 01:50:05,409 - Epoch 25 || train loss : 1.031294  |  test_rmse 1.029034  | 
2022-12-30 01:50:56,150 - Epoch 26 || train loss : 1.029360  |  test_rmse 0.991267  | 
2022-12-30 01:51:46,966 - Epoch 27 || train loss : 1.025583  |  test_rmse 1.002902  | 
2022-12-30 01:52:36,963 - Epoch 28 || train loss : 1.021048  |  test_rmse 1.037172  | 
2022-12-30 01:53:27,752 - Epoch 29 || train loss : 1.019128  |  test_rmse 0.996018  | 
2022-12-30 01:54:17,111 - Epoch 30 || train loss : 1.021319  |  test_rmse 0.994808  | 
2022-12-30 01:55:12,051 - Epoch 31 || train loss : 1.017170  |  test_rmse 1.007304  | 
2022-12-30 01:56:00,579 - Epoch 32 || train loss : 1.015121  |  test_rmse 1.006416  | 
2022-12-30 01:56:53,571 - Epoch 33 || train loss : 1.011934  |  test_rmse 1.025732  | 
2022-12-30 01:57:45,637 - Epoch 34 || train loss : 1.011451  |  test_rmse 0.982478  | 
2022-12-30 01:58:34,967 - Epoch 35 || train loss : 1.014327  |  test_rmse 1.009233  | 
2022-12-30 01:59:26,444 - Epoch 36 || train loss : 1.011185  |  test_rmse 1.024827  | 
2022-12-30 02:00:15,373 - Epoch 37 || train loss : 1.008806  |  test_rmse 1.061292  | 
2022-12-30 02:01:05,315 - Epoch 38 || train loss : 1.005418  |  test_rmse 0.991390  | 
2022-12-30 02:01:59,588 - Epoch 39 || train loss : 1.001754  |  test_rmse 0.985740  | 
2022-12-30 02:02:50,120 - Epoch 40 || train loss : 1.004971  |  test_rmse 0.984266  | 
2022-12-30 02:03:39,528 - Epoch 41 || train loss : 1.000431  |  test_rmse 0.996089  | 
2022-12-30 02:04:31,407 - Epoch 42 || train loss : 0.996213  |  test_rmse 1.013826  | 
2022-12-30 02:05:26,142 - Epoch 43 || train loss : 0.997416  |  test_rmse 0.972725  | 
2022-12-30 02:06:21,879 - Epoch 44 || train loss : 0.997058  |  test_rmse 0.969662  | 
2022-12-30 02:07:14,745 - Epoch 45 || train loss : 0.994340  |  test_rmse 1.002469  | 
2022-12-30 02:08:03,927 - Epoch 46 || train loss : 0.995938  |  test_rmse 0.968397  | 
2022-12-30 02:08:59,340 - Epoch 47 || train loss : 0.992996  |  test_rmse 0.986515  | 
2022-12-30 02:09:50,945 - Epoch 48 || train loss : 0.989185  |  test_rmse 1.028594  | 
2022-12-30 02:10:40,202 - Epoch 49 || train loss : 0.990986  |  test_rmse 0.973148  | 
2022-12-30 02:11:28,367 - Epoch 50 || train loss : 0.988310  |  test_rmse 1.004097  | 
2022-12-30 02:12:17,962 - Epoch 51 || train loss : 0.985886  |  test_rmse 0.975958  | 
2022-12-30 02:13:11,233 - Epoch 52 || train loss : 0.986685  |  test_rmse 0.975154  | 
2022-12-30 02:14:02,514 - Epoch 53 || train loss : 0.986566  |  test_rmse 0.966109  | 
2022-12-30 02:14:53,277 - Epoch 54 || train loss : 0.985513  |  test_rmse 0.978916  | 
2022-12-30 02:15:44,431 - Epoch 55 || train loss : 0.984004  |  test_rmse 0.989467  | 
2022-12-30 02:16:33,125 - Epoch 56 || train loss : 0.980862  |  test_rmse 1.004699  | 
2022-12-30 02:17:23,613 - Epoch 57 || train loss : 0.982870  |  test_rmse 0.976190  | 
2022-12-30 02:18:12,887 - Epoch 58 || train loss : 0.983039  |  test_rmse 0.976812  | 
2022-12-30 02:19:06,692 - Epoch 59 || train loss : 0.981219  |  test_rmse 0.973847  | 
2022-12-30 02:19:57,137 - Epoch 60 || train loss : 0.976724  |  test_rmse 0.976034  | 
2022-12-30 02:20:48,430 - Epoch 61 || train loss : 0.977036  |  test_rmse 0.979301  | 
2022-12-30 02:21:38,236 - Epoch 62 || train loss : 0.977359  |  test_rmse 0.968351  | 
2022-12-30 02:22:28,255 - Epoch 63 || train loss : 0.976355  |  test_rmse 0.969693  | 
2022-12-30 02:23:16,962 - Epoch 64 || train loss : 0.976239  |  test_rmse 0.964558  | 
2022-12-30 02:24:05,920 - Epoch 65 || train loss : 0.976996  |  test_rmse 0.969795  | 
2022-12-30 02:24:55,515 - Epoch 66 || train loss : 0.979001  |  test_rmse 0.961211  | 
2022-12-30 02:25:45,499 - Epoch 67 || train loss : 0.975941  |  test_rmse 0.967413  | 
2022-12-30 02:26:38,735 - Epoch 68 || train loss : 0.972324  |  test_rmse 0.974237  | 
2022-12-30 02:27:27,995 - Epoch 69 || train loss : 0.972954  |  test_rmse 0.968086  | 
2022-12-30 02:28:20,493 - Epoch 70 || train loss : 0.971985  |  test_rmse 0.966762  | 
2022-12-30 02:29:08,639 - Epoch 71 || train loss : 0.969765  |  test_rmse 0.975354  | 
2022-12-30 02:30:00,720 - Epoch 72 || train loss : 0.967393  |  test_rmse 0.998140  | 
2022-12-30 02:30:50,568 - Epoch 73 || train loss : 0.972325  |  test_rmse 0.987421  | 
2022-12-30 02:31:41,836 - Epoch 74 || train loss : 0.970882  |  test_rmse 0.984379  | 
2022-12-30 02:32:33,868 - Epoch 75 || train loss : 0.966552  |  test_rmse 1.038575  | 
2022-12-30 02:33:22,036 - Epoch 76 || train loss : 0.968336  |  test_rmse 0.977265  | 
2022-12-30 02:34:15,335 - Epoch 77 || train loss : 0.969264  |  test_rmse 0.979871  | 
2022-12-30 02:35:06,205 - Epoch 78 || train loss : 0.966797  |  test_rmse 0.961790  | 
2022-12-30 02:35:56,207 - Epoch 79 || train loss : 0.970350  |  test_rmse 0.978766  | 
2022-12-30 02:36:49,312 - Epoch 80 || train loss : 0.968650  |  test_rmse 0.976122  | 
2022-12-30 11:19:19,225 - train args
2022-12-30 11:19:19,225 - key: igmc_64
2022-12-30 11:19:19,225 - datapath: ./data
2022-12-30 11:19:19,225 - dataset: ml-100k
2022-12-30 11:19:19,225 - max_seq: 64
2022-12-30 11:19:19,226 - model_type: IGMC
2022-12-30 11:19:19,226 - hop: 1
2022-12-30 11:19:19,226 - in_nfeats: 32
2022-12-30 11:19:19,226 - out_nfeats: 32
2022-12-30 11:19:19,226 - in_efeats: 32
2022-12-30 11:19:19,226 - out_efeats: 32
2022-12-30 11:19:19,226 - num_heads: 4
2022-12-30 11:19:19,226 - node_features: None
2022-12-30 11:19:19,226 - parameters: None
2022-12-30 11:19:19,226 - num_relations: 6
2022-12-30 11:19:19,227 - edge_dropout: 0.0
2022-12-30 11:19:19,227 - num_bases: 4
2022-12-30 11:19:19,227 - ARR: 0.001
2022-12-30 11:19:19,227 - latent_dims: [32, 32, 32, 32]
2022-12-30 11:19:19,227 - device: 0
2022-12-30 11:19:19,227 - log_dir: log
2022-12-30 11:19:19,227 - log_interval: 100
2022-12-30 11:19:19,227 - train_lrs: [0.0001]
2022-12-30 11:19:19,227 - train_epochs: 80
2022-12-30 11:19:19,227 - batch_size: 256
2022-12-30 11:19:19,228 - weight_decay: 0.0
2022-12-30 11:19:19,228 - lr_decay_step: 5
2022-12-30 11:19:19,228 - lr_decay_factor: 0.98
